{"items":"[{\"id\":1,\"name\":\"Tenda Pramuka\",\"img\":\"tenda1.jpg\",\"price\":100000,\"stock\":15,\"rate\":4.9,\"quantity\":1,\"total\":100000},{\"id\":2,\"name\":\"Tenda Kemah\",\"img\":\"tenda2.jpg\",\"price\":200000,\"stock\":10,\"rate\":5,\"quantity\":1,\"total\":200000}]","total":"300000","name":"test","email":"akunrealme1122@gmail.com","phone":"087876856677"}
Response: {"snapToken":null}
Response: {"snapToken":null}
{"items":"[{\"id\":2,\"name\":\"Tenda Kemah\",\"img\":\"tenda2.jpg\",\"price\":200000,\"stock\":10,\"rate\":5,\"quantity\":1,\"total\":200000}]","total":"200000","name":"test","email":"riskysaputroid@gmail.com","phone":"09865432"}
Response: {"snapToken":null}
Response: {"snapToken":null}
{"items":"[{\"id\":2,\"name\":\"Tenda Kemah\",\"img\":\"tenda2.jpg\",\"price\":200000,\"stock\":10,\"rate\":5,\"quantity\":1,\"total\":200000}]","total":"200000","name":"test","email":"riskysaputroid@gmail.com","phone":"09865432"}
Response: {"snapToken":null}
{"items":"[{\"id\":1,\"name\":\"Tenda Pramuka\",\"img\":\"tenda1.jpg\",\"price\":100000,\"stock\":15,\"rate\":4.9,\"quantity\":1,\"total\":100000}]","total":"100000","name":"test","email":"riskysaputroid@gmail.com","phone":"1"}
Response: {"snapToken":null}
{"items":"[{\"id\":1,\"name\":\"Tenda Pramuka\",\"img\":\"tenda1.jpg\",\"price\":100000,\"stock\":15,\"rate\":4.9,\"quantity\":1,\"total\":100000}]","total":"100000","name":"test","email":"riskysaputroid@gmail.com","phone":"5676543"}
Response: {"snapToken":null}
{"items":"[{\"id\":1,\"name\":\"Tenda Pramuka\",\"img\":\"tenda1.jpg\",\"price\":100000,\"stock\":15,\"rate\":4.9,\"quantity\":1,\"total\":100000}]","total":"100000","name":"test","email":"riskysaputroid@gmail.com","phone":"5676543"}
Response: {"snapToken":null}
{"items":"[{\"id\":2,\"name\":\"Tenda Kemah\",\"img\":\"tenda2.jpg\",\"price\":200000,\"stock\":10,\"rate\":5,\"quantity\":1,\"total\":200000}]","total":"200000","name":"test","email":"riskysaputroid@gmail.com","phone":"23543"}
Response: {"snapToken":null}
{"items":"[{\"id\":2,\"name\":\"Tenda Kemah\",\"img\":\"tenda2.jpg\",\"price\":200000,\"stock\":10,\"rate\":5,\"quantity\":1,\"total\":200000}]","total":"200000","name":"test","email":"riskysaputroid@gmail.com","phone":"23543"}
Response: {"snapToken":null}
{"items":"[{\"id\":2,\"name\":\"Tenda Kemah\",\"img\":\"tenda2.jpg\",\"price\":200000,\"stock\":10,\"rate\":5,\"quantity\":1,\"total\":200000}]","total":"200000","name":"12","email":"akunrealme1122@gmail.com","phone":"22222222222222222"}
{"items":"[{\"id\":4,\"name\":\"Tenda Kemah \/ Pramuka\",\"img\":\"tenda1.jpg\",\"price\":400000,\"stock\":20,\"rate\":4.5,\"quantity\":3,\"total\":1200000}]","total":"1200000","name":"1","email":"riskyputro1122@gmail.com1","phone":"11111111111111111111"}
{"items":"[{\"id\":4,\"name\":\"Tenda Kemah \/ Pramuka\",\"img\":\"tenda1.jpg\",\"price\":400000,\"stock\":20,\"rate\":4.5,\"quantity\":1,\"total\":400000}]","total":"400000","name":"1","email":"agusriyadi.250895@gmail.com","phone":"1111111111111111111111111111111111"}
{"items":"[{\"id\":4,\"name\":\"Tenda Kemah \/ Pramuka\",\"img\":\"tenda1.jpg\",\"price\":400000,\"stock\":20,\"rate\":4.5,\"quantity\":1,\"total\":400000}]","total":"400000","name":"1","email":"agusriyadi.250895@gmail.com","phone":"1111111111111111111111111111111111"}
{"items":"[{\"id\":4,\"name\":\"Tenda Kemah \/ Pramuka\",\"img\":\"tenda1.jpg\",\"price\":400000,\"stock\":20,\"rate\":4.5,\"quantity\":1,\"total\":400000}]","total":"400000","name":"1","email":"agusriyadi.250895@gmail.com","phone":"1"}
{"items":"[{\"id\":4,\"name\":\"Tenda Kemah \/ Pramuka\",\"img\":\"tenda1.jpg\",\"price\":400000,\"stock\":20,\"rate\":4.5,\"quantity\":1,\"total\":400000}]","total":"400000","name":"test","email":"riskyputro1122@gmail.com","phone":"1111111111111111111111111111111111111111111111"}
{"items":"[{\"id\":4,\"name\":\"Tenda Kemah \/ Pramuka\",\"img\":\"tenda1.jpg\",\"price\":400000,\"stock\":20,\"rate\":4.5,\"quantity\":1,\"total\":400000}]","total":"400000","name":"test","email":"riskyputro1122@gmail.com","phone":"1111111111111111111111111111111111111111111111"}
{"items":"[{\"id\":4,\"name\":\"Tenda Kemah \/ Pramuka\",\"img\":\"tenda1.jpg\",\"price\":400000,\"stock\":20,\"rate\":4.5,\"quantity\":1,\"total\":400000}]","total":"400000","name":"1","email":"agusriyadi.250895@gmail.com","phone":"11111111111111111111"}
{"items":"[{\"id\":4,\"name\":\"Tenda Kemah \/ Pramuka\",\"img\":\"tenda1.jpg\",\"price\":400000,\"stock\":20,\"rate\":4.5,\"quantity\":1,\"total\":400000}]","total":"400000","name":"risky","email":"akunrealme1122@gmail.com","phone":"08593402823"}
{"items":"[{\"id\":2,\"name\":\"Tenda Kemah\",\"img\":\"tenda2.jpg\",\"price\":200000,\"stock\":10,\"rate\":5,\"quantity\":1,\"total\":200000}]","total":"200000","name":"test","email":"riskysaputroid@gmail.com","phone":"1234567"}
{"items":"[{\"id\":2,\"name\":\"Tenda Kemah\",\"img\":\"tenda2.jpg\",\"price\":200000,\"stock\":10,\"rate\":5,\"quantity\":1,\"total\":200000}]","total":"200000","name":"test","email":"riskysaputroid@gmail.com","phone":"1234567"}
{"items":"[{\"id\":4,\"name\":\"Tenda Kemah \/ Pramuka\",\"img\":\"tenda1.jpg\",\"price\":400000,\"stock\":20,\"rate\":4.5,\"quantity\":1,\"total\":400000}]","total":"400000","name":"test","email":"redigital1122@gmail.com","phone":"132456789"}
{"items":"[{\"id\":4,\"name\":\"Tenda Kemah \/ Pramuka\",\"img\":\"tenda1.jpg\",\"price\":400000,\"stock\":20,\"rate\":4.5,\"quantity\":1,\"total\":400000}]","total":"400000","name":"test","email":"riskyputro1122@gmail.com","phone":"08513456789"}
{"items":"[{\"id\":4,\"name\":\"Tenda Kemah \/ Pramuka\",\"img\":\"tenda1.jpg\",\"price\":400000,\"stock\":20,\"rate\":4.5,\"quantity\":1,\"total\":400000}]","total":"400000","name":"21212","email":"riskyputro1122@gmail.com","phone":"1245678"}
{"items":"[{\"id\":3,\"name\":\"Tenda Outdor\",\"img\":\"tenda3.jpg\",\"price\":300000,\"stock\":35,\"rate\":3,\"quantity\":3,\"total\":900000}]","total":"900000","name":"test","email":"riskysaputroid@gmail.com","phone":"112121"}
{"items":"[{\"id\":3,\"name\":\"Tenda Outdor\",\"img\":\"tenda3.jpg\",\"price\":300000,\"stock\":35,\"rate\":3,\"quantity\":3,\"total\":900000}]","total":"900000","name":"test","email":"riskysaputroid@gmail.com","phone":"112121"}
{"items":"[{\"id\":4,\"name\":\"Tenda Kemah \/ Pramuka\",\"img\":\"tenda1.jpg\",\"price\":400000,\"stock\":20,\"rate\":4.5,\"quantity\":1,\"total\":400000}]","total":"400000","name":"test","email":"akunrealme1122@gmail.com","phone":"12121"}
{"items":"[{\"id\":4,\"name\":\"Tenda Kemah \/ Pramuka\",\"img\":\"tenda1.jpg\",\"price\":400000,\"stock\":20,\"rate\":4.5,\"quantity\":1,\"total\":400000}]","total":"400000","name":"test","email":"akunrealme1122@gmail.com","phone":"12121"}
{"items":"[{\"id\":4,\"name\":\"Tenda Kemah \/ Pramuka\",\"img\":\"tenda1.jpg\",\"price\":400000,\"stock\":20,\"rate\":4.5,\"quantity\":1,\"total\":400000}]","total":"400000","name":"test","email":"akunrealme1122@gmail.com","phone":"12121"}
{"items":"[{\"id\":4,\"name\":\"Tenda Kemah \/ Pramuka\",\"img\":\"tenda1.jpg\",\"price\":400000,\"stock\":20,\"rate\":4.5,\"quantity\":1,\"total\":400000}]","total":"400000","name":"test","email":"akunrealme1122@gmail.com","phone":"12121"}
{"items":"[{\"id\":4,\"name\":\"Tenda Kemah \/ Pramuka\",\"img\":\"tenda1.jpg\",\"price\":400000,\"stock\":20,\"rate\":4.5,\"quantity\":1,\"total\":400000}]","total":"400000","name":"test","email":"akunrealme1122@gmail.com","phone":"12121"}
{"items":"[{\"id\":4,\"name\":\"Tenda Kemah \/ Pramuka\",\"img\":\"tenda1.jpg\",\"price\":400000,\"stock\":20,\"rate\":4.5,\"quantity\":1,\"total\":400000}]","total":"400000","name":"test","email":"akunrealme1122@gmail.com","phone":"12121"}
{"items":"[{\"id\":4,\"name\":\"Tenda Kemah \/ Pramuka\",\"img\":\"tenda1.jpg\",\"price\":400000,\"stock\":20,\"rate\":4.5,\"quantity\":1,\"total\":400000}]","total":"400000","name":"test","email":"akunrealme1122@gmail.com","phone":"12121"}
{"items":"[{\"id\":4,\"name\":\"Tenda Kemah \/ Pramuka\",\"img\":\"tenda1.jpg\",\"price\":400000,\"stock\":20,\"rate\":4.5,\"quantity\":1,\"total\":400000}]","total":"400000","name":"test","email":"akunrealme1122@gmail.com","phone":"12121"}
{"items":"[{\"id\":4,\"name\":\"Tenda Kemah \/ Pramuka\",\"img\":\"tenda1.jpg\",\"price\":400000,\"stock\":20,\"rate\":4.5,\"quantity\":1,\"total\":400000}]","total":"400000","name":"test","email":"akunrealme1122@gmail.com","phone":"12121"}
{"items":"[{\"id\":4,\"name\":\"Tenda Kemah \/ Pramuka\",\"img\":\"tenda1.jpg\",\"price\":400000,\"stock\":20,\"rate\":4.5,\"quantity\":1,\"total\":400000}]","total":"400000","name":"test","email":"akunrealme1122@gmail.com","phone":"12121"}
{"items":"[{\"id\":4,\"name\":\"Tenda Kemah \/ Pramuka\",\"img\":\"tenda1.jpg\",\"price\":400000,\"stock\":20,\"rate\":4.5,\"quantity\":1,\"total\":400000}]","total":"400000","name":"test","email":"akunrealme1122@gmail.com","phone":"12121"}
{"items":"[{\"id\":4,\"name\":\"Tenda Kemah \/ Pramuka\",\"img\":\"tenda1.jpg\",\"price\":400000,\"stock\":20,\"rate\":4.5,\"quantity\":1,\"total\":400000}]","total":"400000","name":"2121","email":"riskyputro1122@gmail.com","phone":"1111"}
{"items":"[{\"id\":4,\"name\":\"Tenda Kemah \/ Pramuka\",\"img\":\"tenda1.jpg\",\"price\":400000,\"stock\":20,\"rate\":4.5,\"quantity\":1,\"total\":400000}]","total":"400000","name":"111","email":"agusriyadi.250895@gmail.com","phone":"1111"}
{"items":"[{\"id\":4,\"name\":\"Tenda Kemah \/ Pramuka\",\"img\":\"tenda1.jpg\",\"price\":400000,\"stock\":20,\"rate\":4.5,\"quantity\":1,\"total\":400000}]","total":"400000","name":"test","email":"akunrealme1122@gmail.com","phone":"1111"}
{"items":"[{\"id\":4,\"name\":\"Tenda Kemah \/ Pramuka\",\"img\":\"tenda1.jpg\",\"price\":400000,\"stock\":20,\"rate\":4.5,\"quantity\":1,\"total\":400000}]","total":"400000","name":"test","email":"akunrealme1122@gmail.com","phone":"1111"}
{"items":"[{\"id\":4,\"name\":\"Tenda Kemah \/ Pramuka\",\"img\":\"tenda1.jpg\",\"price\":400000,\"stock\":20,\"rate\":4.5,\"quantity\":1,\"total\":400000}]","total":"400000","name":"121","email":"riskysaputroid@gmail.com","phone":"12121"}
{"items":"[{\"id\":4,\"name\":\"Tenda Kemah \/ Pramuka\",\"img\":\"tenda1.jpg\",\"price\":400000,\"stock\":20,\"rate\":4.5,\"quantity\":1,\"total\":400000}]","total":"400000","name":"2121","email":"akunrealme1122@gmail.com","phone":"121212"}
{"items":"[{\"id\":4,\"name\":\"Tenda Kemah \/ Pramuka\",\"img\":\"tenda1.jpg\",\"price\":400000,\"stock\":20,\"rate\":4.5,\"quantity\":1,\"total\":400000}]","total":"400000","name":"wqwq","email":"akunrealme1122@gmail.com","phone":"12121"}
{"items":"[{\"id\":4,\"name\":\"Tenda Kemah \/ Pramuka\",\"img\":\"tenda1.jpg\",\"price\":400000,\"stock\":20,\"rate\":4.5,\"quantity\":1,\"total\":400000}]","total":"400000","name":"wqwq","email":"riskyputro1122@gmail.com","phone":"21212"}
{"items":"[{\"id\":4,\"name\":\"Tenda Kemah \/ Pramuka\",\"img\":\"tenda1.jpg\",\"price\":400000,\"stock\":20,\"rate\":4.5,\"quantity\":1,\"total\":400000}]","total":"400000","name":"dada","email":"agusriyadi.250895@gmail.com","phone":"3121"}
{"items":"[{\"id\":4,\"name\":\"Tenda Kemah \/ Pramuka\",\"img\":\"tenda1.jpg\",\"price\":400000,\"stock\":20,\"rate\":4.5,\"quantity\":1,\"total\":400000}]","total":"400000","name":"test","email":"akunrealme1122@gmail.com","phone":"3123131"}
{"items":"[{\"id\":4,\"name\":\"Tenda Kemah \/ Pramuka\",\"img\":\"tenda1.jpg\",\"price\":400000,\"stock\":20,\"rate\":4.5,\"quantity\":1,\"total\":400000}]","total":"400000","name":"test","email":"akunrealme1122@gmail.com","phone":"2313131"}
{"items":"[{\"id\":4,\"name\":\"Tenda Kemah \/ Pramuka\",\"img\":\"tenda1.jpg\",\"price\":400000,\"stock\":20,\"rate\":4.5,\"quantity\":1,\"total\":400000}]","total":"400000","name":"fsdasa","email":"riskysaputroid@gmail.com","phone":"421231"}
{"items":"[{\"id\":1,\"name\":\"Tenda Pramuka\",\"img\":\"tenda1.jpg\",\"price\":100000,\"stock\":15,\"rate\":4.9,\"quantity\":7,\"total\":700000},{\"id\":2,\"name\":\"Tenda Kemah\",\"img\":\"tenda2.jpg\",\"price\":200000,\"stock\":10,\"rate\":5,\"quantity\":4,\"total\":800000},{\"id\":3,\"name\":\"Tenda Outdor\",\"img\":\"tenda3.jpg\",\"price\":300000,\"stock\":35,\"rate\":3,\"quantity\":4,\"total\":1200000}]","total":"2700000","name":"Risky Test","email":"riskysaputroid@gmail.com","phone":"08555555555555555555"}
{"items":"[{\"id\":1,\"name\":\"Tenda Pramuka\",\"img\":\"tenda1.jpg\",\"price\":100000,\"stock\":15,\"rate\":4.9,\"quantity\":7,\"total\":700000},{\"id\":2,\"name\":\"Tenda Kemah\",\"img\":\"tenda2.jpg\",\"price\":200000,\"stock\":10,\"rate\":5,\"quantity\":4,\"total\":800000},{\"id\":3,\"name\":\"Tenda Outdor\",\"img\":\"tenda3.jpg\",\"price\":300000,\"stock\":35,\"rate\":3,\"quantity\":4,\"total\":1200000}]","total":"2700000","name":"Risky Test","email":"riskysaputroid@gmail.com","phone":"08555555555555555555"}
{"items":"[{\"id\":2,\"name\":\"Tenda Kemah\",\"img\":\"tenda2.jpg\",\"price\":200000,\"stock\":10,\"rate\":5,\"quantity\":5,\"total\":1000000}]","total":"1000000","name":"test","email":"riskysaputroid@gmail.com","phone":"085"}
{"items":"[{\"id\":2,\"name\":\"Tenda Kemah\",\"img\":\"tenda2.jpg\",\"price\":200000,\"stock\":10,\"rate\":5,\"quantity\":1,\"total\":200000}]","total":"200000","name":"test","email":"riskysaputroid@gmail.com","phone":"0988"}
{"items":"[{\"id\":2,\"name\":\"Tenda Kemah\",\"img\":\"tenda2.jpg\",\"price\":200000,\"stock\":10,\"rate\":5,\"quantity\":1,\"total\":200000}]","total":"200000","name":"test","email":"riskysaputroid@gmail.com","phone":"0988"}
{"items":"[{\"id\":3,\"name\":\"Tenda Outdor\",\"img\":\"tenda3.jpg\",\"price\":300000,\"stock\":35,\"rate\":3,\"quantity\":1,\"total\":300000}]","total":"300000","name":"test","email":"riskysaputroid@gmail.com","phone":"1234567"}
{"items":"[{\"id\":2,\"name\":\"Tenda Kemah\",\"img\":\"tenda2.jpg\",\"price\":200000,\"stock\":10,\"rate\":5,\"quantity\":1,\"total\":200000}]","total":"200000","name":"ewqw","email":"riskysaputroid@gmail.com","phone":"212"}
{"items":"[{\"id\":2,\"name\":\"Tenda Kemah\",\"img\":\"tenda2.jpg\",\"price\":200000,\"stock\":10,\"rate\":5,\"quantity\":1,\"total\":200000}]","total":"200000","name":"ewqw","email":"riskysaputroid@gmail.com","phone":"212"}
{"items":"[{\"id\":2,\"name\":\"Tenda Kemah\",\"img\":\"tenda2.jpg\",\"price\":200000,\"stock\":10,\"rate\":5,\"quantity\":1,\"total\":200000}]","total":"200000","name":"ewqw","email":"riskysaputroid@gmail.com","phone":"212"}
{"items":"[{\"id\":2,\"name\":\"Tenda Kemah\",\"img\":\"tenda2.jpg\",\"price\":200000,\"stock\":10,\"rate\":5,\"quantity\":1,\"total\":200000}]","total":"200000","name":"ewqw","email":"riskysaputroid@gmail.com","phone":"212"}
{"items":"[{\"id\":2,\"name\":\"Tenda Kemah\",\"img\":\"tenda2.jpg\",\"price\":200000,\"stock\":10,\"rate\":5,\"quantity\":1,\"total\":200000}]","total":"200000","name":"ewqw","email":"riskysaputroid@gmail.com","phone":"212"}
{"items":"[{\"id\":2,\"name\":\"Tenda Kemah\",\"img\":\"tenda2.jpg\",\"price\":200000,\"stock\":10,\"rate\":5,\"quantity\":1,\"total\":200000}]","total":"200000","name":"ewqw","email":"riskysaputroid@gmail.com","phone":"212"}
{"items":"[{\"id\":2,\"name\":\"Tenda Kemah\",\"img\":\"tenda2.jpg\",\"price\":200000,\"stock\":10,\"rate\":5,\"quantity\":1,\"total\":200000}]","total":"200000","name":"ewqw","email":"riskysaputroid@gmail.com","phone":"212"}
{"items":"[{\"id\":2,\"name\":\"Tenda Kemah\",\"img\":\"tenda2.jpg\",\"price\":200000,\"stock\":10,\"rate\":5,\"quantity\":1,\"total\":200000}]","total":"200000","name":"ewqw","email":"riskysaputroid@gmail.com","phone":"212"}
